[2024-10-28T19:17:18.477432+00:00] MiLogger.INFO: El jugador 2 inrtoduce una ficha en la columna 1 [] []
[2024-10-28T19:17:25.876393+00:00] MiLogger.INFO: El jugador 2 inrtoduce una ficha en la columna 3 [] []
[2024-10-28T19:17:32.855549+00:00] MiLogger.INFO: El jugador 2 inrtoduce una ficha en la columna 3 [] []
[2024-10-28T19:17:33.539638+00:00] MiLogger.INFO: El jugador 2 inrtoduce una ficha en la columna 3 [] []
[2024-10-28T19:17:34.446305+00:00] MiLogger.INFO: El jugador 1 inrtoduce una ficha en la columna 3 [] []
[2024-10-28T19:17:49.902784+00:00] MiLogger.INFO: El jugador 2 inrtoduce una ficha en la columna 1 [] []
[2024-10-28T19:17:52.154243+00:00] MiLogger.INFO: El jugador 2 inrtoduce una ficha en la columna 1 [] []
[2024-10-28T19:17:53.206732+00:00] MiLogger.INFO: El jugador 2 inrtoduce una ficha en la columna 1 [] []
[2024-10-28T19:17:54.336107+00:00] MiLogger.INFO: El jugador 1 inrtoduce una ficha en la columna 1 [] []
[2024-10-28T19:19:08.894486+00:00] MiLogger.INFO: El jugador Computadora inrtoduce una ficha en la columna 1 [] []
[2024-10-28T19:19:15.187977+00:00] MiLogger.INFO: El jugador Computadora inrtoduce una ficha en la columna 1 [] []
[2024-10-28T19:20:01.445256+00:00] MiLogger.INFO: El jugador aaa inrtoduce una ficha en la columna 2 [] []
[2024-10-28T19:20:03.158026+00:00] MiLogger.INFO: El jugador Computadora inrtoduce una ficha en la columna 2 [] []
[2024-10-28T19:20:07.521959+00:00] MiLogger.INFO: El jugador aaa inrtoduce una ficha en la columna 3 [] []
[2024-10-28T19:20:09.007290+00:00] MiLogger.INFO: El jugador Computadora inrtoduce una ficha en la columna 3 [] []
[2024-10-28T19:20:10.113852+00:00] MiLogger.INFO: El jugador aaa inrtoduce una ficha en la columna 3 [] []
[2024-10-28T19:20:10.613667+00:00] MiLogger.INFO: El jugador Computadora inrtoduce una ficha en la columna 3 [] []
[2024-10-28T19:20:11.139038+00:00] MiLogger.INFO: El jugador aaa inrtoduce una ficha en la columna 3 [] []
[2024-10-28T19:20:11.727309+00:00] MiLogger.INFO: El jugador Computadora inrtoduce una ficha en la columna 3 [] []
[2024-10-28T19:20:12.403663+00:00] MiLogger.INFO: El jugador aaa inrtoduce una ficha en la columna 3 [] []
[2024-10-28T19:20:13.218276+00:00] MiLogger.INFO: El jugador Computadora inrtoduce una ficha en la columna 3 [] []
[2024-10-28T19:20:14.091012+00:00] MiLogger.INFO: El jugador aaa inrtoduce una ficha en la columna 3 [] []
[2024-10-28T19:20:14.723588+00:00] MiLogger.INFO: El jugador Computadora inrtoduce una ficha en la columna 3 [] []
[2024-10-28T19:20:16.685265+00:00] MiLogger.INFO: El jugador aaa inrtoduce una ficha en la columna 1 [] []
[2024-10-28T19:20:17.005571+00:00] MiLogger.INFO: El jugador Computadora inrtoduce una ficha en la columna 1 [] []
[2024-10-28T19:20:17.525015+00:00] MiLogger.INFO: El jugador Computadora inrtoduce una ficha en la columna 1 [] []
[2024-10-28T19:20:22.901267+00:00] MiLogger.INFO: El jugador Computadora inrtoduce una ficha en la columna  [] []
[2024-10-28T19:20:26.240803+00:00] MiLogger.INFO: El jugador aaa inrtoduce una ficha en la columna  [] []
[2024-10-28T19:21:17.983647+00:00] MiLogger.INFO: El jugador Computadora inrtoduce una ficha en la columna 1 [] []
[2024-10-28T19:21:23.139071+00:00] MiLogger.INFO: El jugador Computadora inrtoduce una ficha en la columna 1 [] []
[2024-10-28T19:21:25.373361+00:00] MiLogger.INFO: El jugador Computadora inrtoduce una ficha en la columna 2 [] []
[2024-10-28T19:21:26.040262+00:00] MiLogger.INFO: El jugador Computadora inrtoduce una ficha en la columna 2 [] []
[2024-10-28T19:21:27.059576+00:00] MiLogger.INFO: El jugador Computadora inrtoduce una ficha en la columna 2 [] []
[2024-10-28T19:21:27.988472+00:00] MiLogger.INFO: El jugador aa inrtoduce una ficha en la columna 2 [] []
[2024-10-28T19:21:30.461035+00:00] MiLogger.INFO: El jugador Computadora inrtoduce una ficha en la columna 2 [] []
[2024-10-28T19:21:31.184783+00:00] MiLogger.INFO: El jugador Computadora inrtoduce una ficha en la columna 2 [] []
[2024-10-28T19:21:32.061872+00:00] MiLogger.INFO: El jugador Computadora inrtoduce una ficha en la columna 2 [] []
[2024-10-28T19:21:32.824973+00:00] MiLogger.INFO: El jugador aa inrtoduce una ficha en la columna 2 [] []
